
{"data":"page not found","url":"/favicon.ico","level":"debug","message":"","timestamp":"2015-06-11T22:04:57.473Z"}
{"data":"page not found","url":"/favicon.ico","level":"debug","message":"","timestamp":"2015-06-11T22:06:01.520Z"}
{"data":"page not found","url":"/favicon.ico","level":"debug","message":"","timestamp":"2015-06-11T22:06:02.655Z"}
{"data":"page not found","url":"/favicon.ico","level":"debug","message":"","timestamp":"2015-06-11T22:06:03.657Z"}
{"org":"shenkar","level":"debug","message":"","timestamp":"2015-06-11T23:22:25.595Z"}
{"org":"shenkar","level":"debug","message":"","timestamp":"2015-06-11T23:23:26.432Z"}
{"level":"debug","message":"","timestamp":"2015-06-11T23:23:27.486Z"}
{"level":"debug","message":"doc exist","timestamp":"2015-06-11T23:23:27.486Z"}
{"org":"shenkar","level":"debug","message":"","timestamp":"2015-06-11T23:24:12.387Z"}
{"level":"debug","message":"","timestamp":"2015-06-11T23:24:13.450Z"}
{"level":"debug","message":"doc exist","timestamp":"2015-06-11T23:24:13.450Z"}
{"org":"shenkar","level":"debug","message":"","timestamp":"2015-06-11T23:25:32.279Z"}
{"level":"debug","message":"doc exist","timestamp":"2015-06-11T23:25:33.374Z"}
{"org":"shenkar","level":"debug","message":"","timestamp":"2015-06-11T23:26:51.693Z"}
{"level":"debug","message":"doc exist","timestamp":"2015-06-11T23:26:52.756Z"}
{"org":"shenkar","level":"debug","message":"","timestamp":"2015-06-11T23:33:07.571Z"}
{"level":"debug","message":"doc exist","timestamp":"2015-06-11T23:33:08.660Z"}
{"org":"shenkar","level":"debug","message":"","timestamp":"2015-06-11T23:33:47.466Z"}
{"level":"debug","message":"doc exist","timestamp":"2015-06-11T23:33:48.544Z"}
{"org":"shenkar","level":"debug","message":"","timestamp":"2015-06-11T23:34:17.495Z"}
{"level":"debug","message":"doc exist","timestamp":"2015-06-11T23:34:18.510Z"}
{"org":"shenkar","level":"debug","message":"","timestamp":"2015-06-11T23:35:16.207Z"}
{"level":"debug","message":"doc exist","timestamp":"2015-06-11T23:35:17.252Z"}
{"5":{"tags":[{"id":"1434066465815","timestamp":"5","text":"avishay","email":"cohen_rami@hotmail.com","rating":{"positive":{"users":[],"value":0},"negative":{"users":[],"value":0}}}]},"timestamp":"2015-06-11T23:47:45.817Z","level":"debug","message":""}
{"5":{"tags":[{"id":"1434066501992","timestamp":"5","text":"avishay","email":"cohen_rami@hotmail.com","rating":{"positive":{"users":[],"value":0},"negative":{"users":[],"value":0}}}]},"timestamp":"2015-06-11T23:48:21.993Z","level":"debug","message":""}
{"data":"page not found","url":"/auxiliary/getUserFavorites","level":"debug","message":"","timestamp":"2015-06-18T09:42:49.432Z"}
{"0":"iofirag@gmail.com","1":"cohen_rami@hotmail.com","2":"vandervidi@gmail.com","3":"amnoid@gmail.com","level":"debug","message":"followedUsers:followed user to find","timestamp":"2015-06-18T09:53:15.064Z"}
{"level":"debug","message":"getCoursesByOrg:search courses for the organization: shenkar","timestamp":"2015-06-18T10:14:17.041Z"}
{"data":"page not found","url":"/favicon.ico","level":"debug","message":"","timestamp":"2015-06-21T09:42:54.132Z"}
{"data":"page not found","url":"/favicon.ico","level":"debug","message":"","timestamp":"2015-06-21T09:42:55.779Z"}
{"data":"page not found","url":"/favicon.ico","level":"debug","message":"","timestamp":"2015-06-21T09:42:56.870Z"}
{"data":"page not found","url":"/favicon.ico","level":"debug","message":"","timestamp":"2015-06-21T09:42:57.769Z"}
{"data":"page not found","url":"/favicon.ico","level":"debug","message":"","timestamp":"2015-06-21T09:42:58.360Z"}
{"data":"page not found","url":"/favicon.ico","level":"debug","message":"","timestamp":"2015-06-22T11:21:10.884Z"}
{"data":"page not found","url":"/favicon.ico","level":"debug","message":"","timestamp":"2015-06-22T11:21:27.912Z"}
{"data":"page not found","url":"/favicon.ico","level":"debug","message":"","timestamp":"2015-06-22T11:21:47.428Z"}
{"data":"page not found","url":"/favicon.ico","level":"debug","message":"","timestamp":"2015-06-22T11:21:49.797Z"}
{"data":"page not found","url":"/favicon.ico","level":"debug","message":"","timestamp":"2015-06-22T11:21:58.457Z"}
{"data":"page not found","url":"/favicon.ico","level":"debug","message":"","timestamp":"2015-06-22T11:22:04.402Z"}
{"data":"page not found","url":"/favicon.ico","level":"debug","message":"","timestamp":"2015-06-22T11:22:55.922Z"}
