
{"data":"uncaughtException","err":{},"level":"error","message":"","timestamp":"2015-06-11T23:14:31.923Z"}
{"data":"uncaughtException","err":{},"level":"error","message":"","timestamp":"2015-06-11T23:15:43.811Z"}
{"data":"uncaughtException","err":{},"level":"error","message":"","timestamp":"2015-06-11T23:17:07.103Z"}
{"data":"uncaughtException","err":{},"level":"error","message":"","timestamp":"2015-06-11T23:19:03.810Z"}
{"data":"uncaughtException","err":{},"level":"error","message":"","timestamp":"2015-06-11T23:22:26.656Z"}
{"data":"uncaughtException","err":{},"level":"error","message":"","timestamp":"2015-06-11T23:23:27.502Z"}
{"data":"uncaughtException","err":{},"level":"error","message":"","timestamp":"2015-06-11T23:24:13.466Z"}
{"data":"uncaughtException","err":{},"level":"error","message":"","timestamp":"2015-06-11T23:36:45.347Z"}
{"data":"uncaughtException","err":{},"level":"error","message":"","timestamp":"2015-06-11T23:51:21.548Z"}
{"data":"uncaughtException","err":{},"level":"error","message":"","timestamp":"2015-06-11T23:53:25.228Z"}
{"data":"uncaughtException","err":{},"level":"error","message":"","timestamp":"2015-06-11T23:54:04.168Z"}
{"data":"uncaughtException","err":{},"level":"error","message":"","timestamp":"2015-06-11T23:54:21.362Z"}
{"data":"uncaughtException","err":{},"level":"error","message":"","timestamp":"2015-06-11T23:58:22.097Z"}
{"data":"uncaughtException","err":{},"level":"error","message":"","timestamp":"2015-06-12T00:58:27.043Z"}
{"data":"uncaughtException","err":{},"level":"error","message":"","timestamp":"2015-06-12T00:59:25.757Z"}
{"data":"uncaughtException","err":{},"level":"error","message":"","timestamp":"2015-06-12T01:00:05.102Z"}
{"data":"uncaughtException","error":{},"level":"error","message":"","timestamp":"2015-06-12T01:01:20.830Z"}
{"data":"uncaughtException","error":{},"level":"error","message":"","timestamp":"2015-06-12T01:31:59.423Z"}
{"data":"uncaughtException","error":{},"level":"error","message":"","timestamp":"2015-06-12T01:32:15.648Z"}
{"data":"uncaughtException","error":{},"level":"error","message":"","timestamp":"2015-06-12T01:32:30.149Z"}
{"data":"uncaughtException","error":{},"level":"error","message":"","timestamp":"2015-06-12T01:32:44.876Z"}
{"data":"uncaughtException","error":{},"level":"error","message":"","timestamp":"2015-06-12T01:33:09.777Z"}
{"data":"uncaughtException","error":{},"level":"error","message":"","timestamp":"2015-06-12T02:04:27.632Z"}
{"data":"uncaughtException","error":{},"level":"error","message":"","timestamp":"2015-06-12T03:39:54.561Z"}
{"data":"uncaughtException","error":{},"level":"error","message":"","timestamp":"2015-06-12T03:40:38.024Z"}
{"data":"uncaughtException","error":{},"level":"error","message":"","timestamp":"2015-06-12T03:41:24.409Z"}
{"data":"uncaughtException","error":{},"level":"error","message":"","timestamp":"2015-06-12T03:43:39.783Z"}
{"data":"uncaughtException","error":{},"level":"error","message":"","timestamp":"2015-06-12T03:44:02.355Z"}
{"data":"uncaughtException","error":{},"level":"error","message":"","timestamp":"2015-06-12T03:44:42.236Z"}
{"data":"uncaughtException","error":{},"level":"error","message":"","timestamp":"2015-06-12T03:48:44.629Z"}
{"data":"uncaughtException","error":{},"level":"error","message":"","timestamp":"2015-06-12T07:47:14.720Z"}
{"data":"uncaughtException","error":{},"level":"error","message":"","timestamp":"2015-06-12T07:50:08.285Z"}
{"data":"uncaughtException","error":{},"level":"error","message":"","timestamp":"2015-06-12T07:51:44.464Z"}
{"data":"uncaughtException","error":{},"level":"error","message":"","timestamp":"2015-06-12T07:52:09.147Z"}
{"data":"uncaughtException","error":{},"level":"error","message":"","timestamp":"2015-06-12T07:53:19.420Z"}
{"data":"uncaughtException","error":{},"level":"error","message":"","timestamp":"2015-06-12T07:54:05.881Z"}
{"data":"uncaughtException","error":{},"level":"error","message":"","timestamp":"2015-06-12T07:55:36.993Z"}
{"data":"uncaughtException","error":{},"level":"error","message":"","timestamp":"2015-06-12T07:56:05.217Z"}
{"data":"uncaughtException","error":{},"level":"error","message":"","timestamp":"2015-06-12T07:56:19.173Z"}
{"data":"uncaughtException","error":{},"level":"error","message":"","timestamp":"2015-06-12T07:57:13.945Z"}
{"data":"uncaughtException","error":{},"level":"error","message":"","timestamp":"2015-06-12T07:57:53.210Z"}
{"data":"uncaughtException","error":{},"level":"error","message":"","timestamp":"2015-06-12T08:01:47.892Z"}
{"data":"uncaughtException","error":{"code":"EADDRINUSE","errno":"EADDRINUSE","syscall":"listen"},"level":"error","message":"","timestamp":"2015-06-14T20:06:30.194Z"}
{"data":"uncaughtException","error":{},"level":"error","message":"","timestamp":"2015-06-18T09:53:49.765Z"}
{"data":"uncaughtException","error":{},"level":"error","message":"","timestamp":"2015-06-18T09:54:50.491Z"}
{"data":"uncaughtException","error":{},"level":"error","message":"","timestamp":"2015-06-18T09:54:51.485Z"}
{"data":"uncaughtException","error":{},"level":"error","message":"","timestamp":"2015-06-18T09:55:13.646Z"}
{"data":"uncaughtException","error":"ReferenceError: arr is not defined\n    at EventEmitter.<anonymous> (D:\\Documents\\Documents\\GitHub\\lecturus\\controllers\\s_auxiliary.js:790:50)\n    at EventEmitter.<anonymous> (D:\\Documents\\Documents\\GitHub\\lecturus\\node_modules\\mongoose\\node_modules\\mpromise\\lib\\promise.js:175:45)\n    at EventEmitter.emit (events.js:95:17)\n    at Promise.safeEmit (D:\\Documents\\Documents\\GitHub\\lecturus\\node_modules\\mongoose\\node_modules\\mpromise\\lib\\promise.js:81:21)\n    at Promise.fulfill (D:\\Documents\\Documents\\GitHub\\lecturus\\node_modules\\mongoose\\node_modules\\mpromise\\lib\\promise.js:94:24)\n    at Promise.resolve (D:\\Documents\\Documents\\GitHub\\lecturus\\node_modules\\mongoose\\lib\\promise.js:113:23)\n    at D:\\Documents\\Documents\\GitHub\\lecturus\\node_modules\\mongoose\\node_modules\\kareem\\index.js:103:16\n    at process._tickCallback (node.js:419:13)","level":"error","message":"","timestamp":"2015-06-18T09:57:28.794Z"}
{"level":"error","message":"lastViews:user: avishayhajbi@gmail.com last views were successfully returned.","timestamp":"2015-06-21T11:35:37.455Z"}
{"data":"uncaughtException","error":"ReferenceError: index is not defined\n    at D:\\Documents\\Documents\\GitHub\\lecturus\\controllers\\s_sessions_get.js:508:61\n    at D:\\Documents\\Documents\\GitHub\\lecturus\\node_modules\\mongoose\\lib\\query.js:1169:16\n    at D:\\Documents\\Documents\\GitHub\\lecturus\\node_modules\\mongoose\\node_modules\\kareem\\index.js:103:16\n    at process._tickCallback (node.js:419:13)","level":"error","message":"","timestamp":"2015-06-21T11:46:35.969Z"}
{"level":"error","message":"updateViews:session: 14344645286301018154113 views counter was updated.","timestamp":"2015-06-21T11:46:35.985Z"}
{"data":"uncaughtException","error":"ReferenceError: index is not defined\n    at D:\\Documents\\Documents\\GitHub\\lecturus\\controllers\\s_sessions_get.js:508:61\n    at D:\\Documents\\Documents\\GitHub\\lecturus\\node_modules\\mongoose\\lib\\query.js:1169:16\n    at D:\\Documents\\Documents\\GitHub\\lecturus\\node_modules\\mongoose\\node_modules\\kareem\\index.js:103:16\n    at process._tickCallback (node.js:419:13)","level":"error","message":"","timestamp":"2015-06-21T11:47:54.796Z"}
{"data":"uncaughtException","error":"ReferenceError: index is not defined\n    at D:\\Documents\\Documents\\GitHub\\lecturus\\controllers\\s_sessions_get.js:508:61\n    at D:\\Documents\\Documents\\GitHub\\lecturus\\node_modules\\mongoose\\lib\\query.js:1169:16\n    at D:\\Documents\\Documents\\GitHub\\lecturus\\node_modules\\mongoose\\node_modules\\kareem\\index.js:103:16\n    at process._tickCallback (node.js:419:13)","level":"error","message":"","timestamp":"2015-06-21T11:47:55.091Z"}
